#
# There is insufficient memory for the Java Runtime Environment to continue.
# Native memory allocation (mmap) failed to map 80740352 bytes for committing reserved memory.
# Possible reasons:
#   The system is out of physical RAM or swap space
#   In 32 bit mode, the process size limit was hit
# Possible solutions:
#   Reduce memory load on the system
#   Increase physical memory or swap space
#   Check if swap backing store is full
#   Use 64 bit Java on a 64 bit OS
#   Decrease Java heap size (-Xmx/-Xms)
#   Decrease number of Java threads
#   Decrease Java thread stack sizes (-Xss)
#   Set larger code cache with -XX:ReservedCodeCacheSize=
# This output file may be truncated or incomplete.
#
#  Out of Memory Error (os_linux.cpp:2627), pid=11385, tid=140575146747648
#
# JRE version: Java(TM) SE Runtime Environment (8.0_91-b14) (build 1.8.0_91-b14)
# Java VM: Java HotSpot(TM) 64-Bit Server VM (25.91-b14 mixed mode linux-amd64 compressed oops)
# Failed to write core dump. Core dumps have been disabled. To enable core dumping, try "ulimit -c unlimited" before starting Java again
#

---------------  T H R E A D  ---------------

Current thread (0x00007fda54077800):  VMThread [stack: 0x00007fda339fa000,0x00007fda33afb000] [id=11394]

Stack: [0x00007fda339fa000,0x00007fda33afb000],  sp=0x00007fda33af90a0,  free space=1020k
Native frames: (J=compiled Java code, j=interpreted, Vv=VM code, C=native code)
V  [libjvm.so+0xabc18a]  VMError::report_and_die()+0x2ba
V  [libjvm.so+0x4fafeb]  report_vm_out_of_memory(char const*, int, unsigned long, VMErrorType, char const*)+0x8b
V  [libjvm.so+0x91cbb3]  os::Linux::commit_memory_impl(char*, unsigned long, bool)+0x103
V  [libjvm.so+0x91d109]  os::pd_commit_memory(char*, unsigned long, unsigned long, bool)+0x29
V  [libjvm.so+0x91740a]  os::commit_memory(char*, unsigned long, unsigned long, bool)+0x2a
V  [libjvm.so+0x98b033]  PSVirtualSpace::expand_by(unsigned long)+0x53
V  [libjvm.so+0x98c438]  PSYoungGen::resize_generation(unsigned long, unsigned long)+0xf8
V  [libjvm.so+0x98b592]  PSYoungGen::resize(unsigned long, unsigned long)+0x22
V  [libjvm.so+0x98886b]  PSScavenge::invoke_no_policy()+0xf3b
V  [libjvm.so+0x988ff1]  PSScavenge::invoke()+0x41
V  [libjvm.so+0x9408b0]  ParallelScavengeHeap::failed_mem_allocate(unsigned long)+0x70
V  [libjvm.so+0xabdba7]  VM_ParallelGCFailedAllocation::doit()+0x97
V  [libjvm.so+0xac55d5]  VM_Operation::evaluate()+0x55
V  [libjvm.so+0xac39aa]  VMThread::evaluate_operation(VM_Operation*)+0xba
V  [libjvm.so+0xac3d2e]  VMThread::loop()+0x1ce
V  [libjvm.so+0xac41a0]  VMThread::run()+0x70
V  [libjvm.so+0x91ef78]  java_start(Thread*)+0x108

VM_Operation (0x00007fda3262ebb0): ParallelGCFailedAllocation, mode: safepoint, requested by thread 0x00007fda5414e800


---------------  P R O C E S S  ---------------

Java Threads: ( => current thread )
  0x00007fda54152000 JavaThread "pool-1-thread-4" [_thread_blocked, id=11410, stack(0x00007fda3232e000,0x00007fda3242f000)]
  0x00007fda54150000 JavaThread "pool-1-thread-3" [_thread_blocked, id=11409, stack(0x00007fda3242f000,0x00007fda32530000)]
  0x00007fda5414e800 JavaThread "pool-1-thread-2" [_thread_blocked, id=11408, stack(0x00007fda32530000,0x00007fda32631000)]
  0x00007fda5414b000 JavaThread "pool-2-thread-1" [_thread_blocked, id=11407, stack(0x00007fda32631000,0x00007fda32732000)]
  0x00007fda54149000 JavaThread "pool-1-thread-1" [_thread_blocked, id=11406, stack(0x00007fda32732000,0x00007fda32833000)]
  0x00007fda540c0000 JavaThread "Service Thread" daemon [_thread_blocked, id=11401, stack(0x00007fda32934000,0x00007fda32a35000)]
  0x00007fda540bd000 JavaThread "C1 CompilerThread2" daemon [_thread_blocked, id=11400, stack(0x00007fda32a35000,0x00007fda32b36000)]
  0x00007fda540bb800 JavaThread "C2 CompilerThread1" daemon [_thread_blocked, id=11399, stack(0x00007fda32b36000,0x00007fda32c37000)]
  0x00007fda540b8800 JavaThread "C2 CompilerThread0" daemon [_thread_blocked, id=11398, stack(0x00007fda32c37000,0x00007fda32d38000)]
  0x00007fda540b7000 JavaThread "Signal Dispatcher" daemon [_thread_blocked, id=11397, stack(0x00007fda32d38000,0x00007fda32e39000)]
  0x00007fda54084000 JavaThread "Finalizer" daemon [_thread_blocked, id=11396, stack(0x00007fda337f8000,0x00007fda338f9000)]
  0x00007fda5407f800 JavaThread "Reference Handler" daemon [_thread_blocked, id=11395, stack(0x00007fda338f9000,0x00007fda339fa000)]
  0x00007fda5400a000 JavaThread "main" [_thread_blocked, id=11389, stack(0x00007fda5a16d000,0x00007fda5a26e000)]

Other Threads:
=>0x00007fda54077800 VMThread [stack: 0x00007fda339fa000,0x00007fda33afb000] [id=11394]
  0x00007fda540c3000 WatcherThread [stack: 0x00007fda32833000,0x00007fda32934000] [id=11402]

VM state:at safepoint (normal execution)

VM Mutex/Monitor currently owned by a thread:  ([mutex/lock_event])
[0x00007fda54006510] Threads_lock - owner thread: 0x00007fda54077800
[0x00007fda54006a10] Heap_lock - owner thread: 0x00007fda5414e800

Heap:
 PSYoungGen      total 222208K, used 37875K [0x00000000eab00000, 0x00000000fb300000, 0x0000000100000000)
  eden space 184320K, 0% used [0x00000000eab00000,0x00000000eab00000,0x00000000f5f00000)
  from space 37888K, 99% used [0x00000000f5f00000,0x00000000f83fcdf0,0x00000000f8400000)
  to   space 27648K, 0% used [0x00000000f8400000,0x00000000f8400000,0x00000000f9f00000)
 ParOldGen       total 135168K, used 134843K [0x00000000c0000000, 0x00000000c8400000, 0x00000000eab00000)
  object space 135168K, 99% used [0x00000000c0000000,0x00000000c83aed60,0x00000000c8400000)
 Metaspace       used 6436K, capacity 7192K, committed 7424K, reserved 1056768K
  class space    used 614K, capacity 656K, committed 768K, reserved 1048576K

Card table byte_map: [0x00007fda43ba9000,0x00007fda43daa000] byte_map_base: 0x00007fda435a9000

Marking Bits: (ParMarkBitMap*) 0x00007fda5963ed60
 Begin Bits: [0x00007fda417a5000, 0x00007fda427a5000)
 End Bits:   [0x00007fda427a5000, 0x00007fda437a5000)

Polling page: 0x00007fda5a28d000

CodeCache: size=245760Kb used=7676Kb max_used=7676Kb free=238083Kb
 bounds [0x00007fda4416a000, 0x00007fda448fa000, 0x00007fda5316a000]
 total_blobs=2238 nmethods=1971 adapters=182
 compilation: enabled

Compilation events (10 events):
Event: 20,067 Thread 0x00007fda540bd000 2421       2       com.android.dx.ssa.SsaBasicBlock::getLiveOutRegs (26 bytes)
Event: 20,068 Thread 0x00007fda540bd000 nmethod 2421 0x00007fda448eb490 code [0x00007fda448eb600, 0x00007fda448eb908]
Event: 20,093 Thread 0x00007fda540bd000 2422       1       com.android.dx.cf.attrib.AttEnclosingMethod::byteLength (3 bytes)
Event: 20,093 Thread 0x00007fda540bd000 nmethod 2422 0x00007fda448ebad0 code [0x00007fda448ebc20, 0x00007fda448ebd30]
Event: 20,160 Thread 0x00007fda540bd000 2424   !   2       java.util.zip.Inflater::reset (69 bytes)
Event: 20,164 Thread 0x00007fda540bd000 nmethod 2424 0x00007fda448ebd90 code [0x00007fda448ebf20, 0x00007fda448ec2d8]
Event: 20,164 Thread 0x00007fda540bd000 2425       2       java.util.concurrent.FutureTask::set (36 bytes)
Event: 20,171 Thread 0x00007fda540bd000 nmethod 2425 0x00007fda448ec490 code [0x00007fda448ec600, 0x00007fda448ec7e8]
Event: 20,188 Thread 0x00007fda540bd000 2426 %     3       com.android.dx.rop.type.StdTypeList::withFirst @ 25 (53 bytes)
Event: 20,190 Thread 0x00007fda540bd000 nmethod 2426% 0x00007fda448ec890 code [0x00007fda448ecb20, 0x00007fda448edcd8]

GC Heap History (10 events):
Event: 6,606 GC heap after
Heap after GC invocations=5 (full 0):
 PSYoungGen      total 52736K, used 3584K [0x00000000eab00000, 0x00000000f2500000, 0x0000000100000000)
  eden space 49152K, 0% used [0x00000000eab00000,0x00000000eab00000,0x00000000edb00000)
  from space 3584K, 100% used [0x00000000edb00000,0x00000000ede80000,0x00000000ede80000)
  to   space 13312K, 0% used [0x00000000f1800000,0x00000000f1800000,0x00000000f2500000)
 ParOldGen       total 64512K, used 17966K [0x00000000c0000000, 0x00000000c3f00000, 0x00000000eab00000)
  object space 64512K, 27% used [0x00000000c0000000,0x00000000c118ba70,0x00000000c3f00000)
 Metaspace       used 5986K, capacity 6872K, committed 7168K, reserved 1056768K
  class space    used 614K, capacity 656K, committed 768K, reserved 1048576K
}
Event: 7,691 GC heap before
{Heap before GC invocations=6 (full 0):
 PSYoungGen      total 52736K, used 52736K [0x00000000eab00000, 0x00000000f2500000, 0x0000000100000000)
  eden space 49152K, 100% used [0x00000000eab00000,0x00000000edb00000,0x00000000edb00000)
  from space 3584K, 100% used [0x00000000edb00000,0x00000000ede80000,0x00000000ede80000)
  to   space 13312K, 0% used [0x00000000f1800000,0x00000000f1800000,0x00000000f2500000)
 ParOldGen       total 64512K, used 17966K [0x00000000c0000000, 0x00000000c3f00000, 0x00000000eab00000)
  object space 64512K, 27% used [0x00000000c0000000,0x00000000c118ba70,0x00000000c3f00000)
 Metaspace       used 6033K, capacity 6936K, committed 7168K, reserved 1056768K
  class space    used 614K, capacity 656K, committed 768K, reserved 1048576K
Event: 7,861 GC heap after
Heap after GC invocations=6 (full 0):
 PSYoungGen      total 110592K, used 10352K [0x00000000eab00000, 0x00000000f2700000, 0x0000000100000000)
  eden space 97280K, 0% used [0x00000000eab00000,0x00000000eab00000,0x00000000f0a00000)
  from space 13312K, 77% used [0x00000000f1800000,0x00000000f221c010,0x00000000f2500000)
  to   space 14336K, 0% used [0x00000000f0a00000,0x00000000f0a00000,0x00000000f1800000)
 ParOldGen       total 64512K, used 17966K [0x00000000c0000000, 0x00000000c3f00000, 0x00000000eab00000)
  object space 64512K, 27% used [0x00000000c0000000,0x00000000c118ba70,0x00000000c3f00000)
 Metaspace       used 6033K, capacity 6936K, committed 7168K, reserved 1056768K
  class space    used 614K, capacity 656K, committed 768K, reserved 1048576K
}
Event: 9,748 GC heap before
{Heap before GC invocations=7 (full 0):
 PSYoungGen      total 110592K, used 107632K [0x00000000eab00000, 0x00000000f2700000, 0x0000000100000000)
  eden space 97280K, 100% used [0x00000000eab00000,0x00000000f0a00000,0x00000000f0a00000)
  from space 13312K, 77% used [0x00000000f1800000,0x00000000f221c010,0x00000000f2500000)
  to   space 14336K, 0% used [0x00000000f0a00000,0x00000000f0a00000,0x00000000f1800000)
 ParOldGen       total 64512K, used 17966K [0x00000000c0000000, 0x00000000c3f00000, 0x00000000eab00000)
  object space 64512K, 27% used [0x00000000c0000000,0x00000000c118ba70,0x00000000c3f00000)
 Metaspace       used 6150K, capacity 7064K, committed 7424K, reserved 1056768K
  class space    used 614K, capacity 656K, committed 768K, reserved 1048576K
Event: 10,061 GC heap after
Heap after GC invocations=7 (full 0):
 PSYoungGen      total 111616K, used 14312K [0x00000000eab00000, 0x00000000f9f00000, 0x0000000100000000)
  eden space 97280K, 0% used [0x00000000eab00000,0x00000000eab00000,0x00000000f0a00000)
  from space 14336K, 99% used [0x00000000f0a00000,0x00000000f17fa2c0,0x00000000f1800000)
  to   space 27648K, 0% used [0x00000000f8400000,0x00000000f8400000,0x00000000f9f00000)
 ParOldGen       total 64512K, used 38595K [0x00000000c0000000, 0x00000000c3f00000, 0x00000000eab00000)
  object space 64512K, 59% used [0x00000000c0000000,0x00000000c25b0f20,0x00000000c3f00000)
 Metaspace       used 6150K, capacity 7064K, committed 7424K, reserved 1056768K
  class space    used 614K, capacity 656K, committed 768K, reserved 1048576K
}
Event: 15,699 GC heap before
{Heap before GC invocations=8 (full 0):
 PSYoungGen      total 111616K, used 111592K [0x00000000eab00000, 0x00000000f9f00000, 0x0000000100000000)
  eden space 97280K, 100% used [0x00000000eab00000,0x00000000f0a00000,0x00000000f0a00000)
  from space 14336K, 99% used [0x00000000f0a00000,0x00000000f17fa2c0,0x00000000f1800000)
  to   space 27648K, 0% used [0x00000000f8400000,0x00000000f8400000,0x00000000f9f00000)
 ParOldGen       total 64512K, used 38595K [0x00000000c0000000, 0x00000000c3f00000, 0x00000000eab00000)
  object space 64512K, 59% used [0x00000000c0000000,0x00000000c25b0f20,0x00000000c3f00000)
 Metaspace       used 6416K, capacity 7192K, committed 7424K, reserved 1056768K
  class space    used 614K, capacity 656K, committed 768K, reserved 1048576K
Event: 16,137 GC heap after
Heap after GC invocations=8 (full 0):
 PSYoungGen      total 211968K, used 27640K [0x00000000eab00000, 0x00000000fb300000, 0x0000000100000000)
  eden space 184320K, 0% used [0x00000000eab00000,0x00000000eab00000,0x00000000f5f00000)
  from space 27648K, 99% used [0x00000000f8400000,0x00000000f9efe3a0,0x00000000f9f00000)
  to   space 37888K, 0% used [0x00000000f5f00000,0x00000000f5f00000,0x00000000f8400000)
 ParOldGen       total 64512K, used 50542K [0x00000000c0000000, 0x00000000c3f00000, 0x00000000eab00000)
  object space 64512K, 78% used [0x00000000c0000000,0x00000000c315b9b0,0x00000000c3f00000)
 Metaspace       used 6416K, capacity 7192K, committed 7424K, reserved 1056768K
  class space    used 614K, capacity 656K, committed 768K, reserved 1048576K
}
Event: 16,142 GC heap before
{Heap before GC invocations=9 (full 1):
 PSYoungGen      total 211968K, used 27640K [0x00000000eab00000, 0x00000000fb300000, 0x0000000100000000)
  eden space 184320K, 0% used [0x00000000eab00000,0x00000000eab00000,0x00000000f5f00000)
  from space 27648K, 99% used [0x00000000f8400000,0x00000000f9efe3a0,0x00000000f9f00000)
  to   space 37888K, 0% used [0x00000000f5f00000,0x00000000f5f00000,0x00000000f8400000)
 ParOldGen       total 64512K, used 50542K [0x00000000c0000000, 0x00000000c3f00000, 0x00000000eab00000)
  object space 64512K, 78% used [0x00000000c0000000,0x00000000c315b9b0,0x00000000c3f00000)
 Metaspace       used 6416K, capacity 7192K, committed 7424K, reserved 1056768K
  class space    used 614K, capacity 656K, committed 768K, reserved 1048576K
Event: 18,775 GC heap after
Heap after GC invocations=9 (full 1):
 PSYoungGen      total 211968K, used 3505K [0x00000000eab00000, 0x00000000fb300000, 0x0000000100000000)
  eden space 184320K, 0% used [0x00000000eab00000,0x00000000eab00000,0x00000000f5f00000)
  from space 27648K, 12% used [0x00000000f8400000,0x00000000f876c450,0x00000000f9f00000)
  to   space 37888K, 0% used [0x00000000f5f00000,0x00000000f5f00000,0x00000000f8400000)
 ParOldGen       total 121344K, used 64132K [0x00000000c0000000, 0x00000000c7680000, 0x00000000eab00000)
  object space 121344K, 52% used [0x00000000c0000000,0x00000000c3ea13f0,0x00000000c7680000)
 Metaspace       used 6416K, capacity 7192K, committed 7424K, reserved 1056768K
  class space    used 614K, capacity 656K, committed 768K, reserved 1048576K
}
Event: 20,248 GC heap before
{Heap before GC invocations=10 (full 1):
 PSYoungGen      total 211968K, used 187825K [0x00000000eab00000, 0x00000000fb300000, 0x0000000100000000)
  eden space 184320K, 100% used [0x00000000eab00000,0x00000000f5f00000,0x00000000f5f00000)
  from space 27648K, 12% used [0x00000000f8400000,0x00000000f876c450,0x00000000f9f00000)
  to   space 37888K, 0% used [0x00000000f5f00000,0x00000000f5f00000,0x00000000f8400000)
 ParOldGen       total 121344K, used 64132K [0x00000000c0000000, 0x00000000c7680000, 0x00000000eab00000)
  object space 121344K, 52% used [0x00000000c0000000,0x00000000c3ea13f0,0x00000000c7680000)
 Metaspace       used 6436K, capacity 7192K, committed 7424K, reserved 1056768K
  class space    used 614K, capacity 656K, committed 768K, reserved 1048576K

Deoptimization events (10 events):
Event: 3,896 Thread 0x00007fda54152000 Uncommon trap: reason=class_check action=maybe_recompile pc=0x00007fda443cd1cc method=com.android.dx.ssa.NormalSsaInsn.accept(Lcom/android/dx/ssa/SsaInsn$Visitor;)V @ 9
Event: 3,924 Thread 0x00007fda54152000 Uncommon trap: reason=class_check action=maybe_recompile pc=0x00007fda443cd1cc method=com.android.dx.ssa.NormalSsaInsn.accept(Lcom/android/dx/ssa/SsaInsn$Visitor;)V @ 9
Event: 4,754 Thread 0x00007fda54150000 Uncommon trap: reason=class_check action=maybe_recompile pc=0x00007fda4440a930 method=com.android.dx.ssa.NormalSsaInsn.accept(Lcom/android/dx/ssa/SsaInsn$Visitor;)V @ 9
Event: 5,389 Thread 0x00007fda5414e800 Uncommon trap: reason=bimorphic action=maybe_recompile pc=0x00007fda44369e04 method=java.util.HashMap.getNode(ILjava/lang/Object;)Ljava/util/HashMap$Node; @ 126
Event: 5,452 Thread 0x00007fda54150000 Uncommon trap: reason=bimorphic action=maybe_recompile pc=0x00007fda44369e04 method=java.util.HashMap.getNode(ILjava/lang/Object;)Ljava/util/HashMap$Node; @ 126
Event: 6,228 Thread 0x00007fda5414e800 Uncommon trap: reason=unstable_if action=reinterpret pc=0x00007fda444bc6f8 method=java.util.HashMap.putVal(ILjava/lang/Object;Ljava/lang/Object;ZZ)Ljava/lang/Object; @ 162
Event: 6,233 Thread 0x00007fda5414e800 Uncommon trap: reason=unstable_if action=reinterpret pc=0x00007fda44369de8 method=java.util.HashMap.getNode(ILjava/lang/Object;)Ljava/util/HashMap$Node; @ 84
Event: 6,251 Thread 0x00007fda5414e800 Uncommon trap: reason=unstable_if action=reinterpret pc=0x00007fda44386330 method=java.util.HashMap.getNode(ILjava/lang/Object;)Ljava/util/HashMap$Node; @ 84
Event: 12,250 Thread 0x00007fda5400a000 Uncommon trap: reason=unstable_if action=reinterpret pc=0x00007fda447d29fc method=com.android.dx.ssa.SCCP.simulateStmt(Lcom/android/dx/ssa/SsaInsn;)V @ 59
Event: 14,993 Thread 0x00007fda5400a000 Uncommon trap: reason=unstable_if action=reinterpret pc=0x00007fda4481dfc8 method=com.android.dx.cf.code.ByteCatchList.typeNotFound(Lcom/android/dx/cf/code/ByteCatchList$Item;[Lcom/android/dx/cf/code/ByteCatchList$Item;I)Z @ 34

Internal exceptions (5 events):
Event: 0,506 Thread 0x00007fda5400a000 Exception <a 'java/lang/NoSuchMethodError': Method sun.misc.Unsafe.defineClass(Ljava/lang/String;[BII)Ljava/lang/Class; name or signature does not match> (0x00000000eab07cc0) thrown at [/HUDSON/workspace/8-2-build-linux-amd64/jdk8u91/6644/hotspot/src/shar
Event: 0,506 Thread 0x00007fda5400a000 Exception <a 'java/lang/NoSuchMethodError': Method sun.misc.Unsafe.prefetchRead(Ljava/lang/Object;J)V name or signature does not match> (0x00000000eab07fa8) thrown at [/HUDSON/workspace/8-2-build-linux-amd64/jdk8u91/6644/hotspot/src/share/vm/prims/jni.cpp
Event: 6,231 Thread 0x00007fda5414e800 Exception <a 'java/lang/ArrayIndexOutOfBoundsException': 18> (0x00000000ecc65490) thrown at [/HUDSON/workspace/8-2-build-linux-amd64/jdk8u91/6644/hotspot/src/share/vm/interpreter/interpreterRuntime.cpp, line 366]
Event: 6,231 Thread 0x00007fda5414e800 Exception <a 'java/lang/ArrayIndexOutOfBoundsException': 145> (0x00000000ecc67010) thrown at [/HUDSON/workspace/8-2-build-linux-amd64/jdk8u91/6644/hotspot/src/share/vm/interpreter/interpreterRuntime.cpp, line 366]
Event: 6,232 Thread 0x00007fda5414e800 Exception <a 'java/lang/ArrayIndexOutOfBoundsException': 40> (0x00000000ecc682f8) thrown at [/HUDSON/workspace/8-2-build-linux-amd64/jdk8u91/6644/hotspot/src/share/vm/interpreter/interpreterRuntime.cpp, line 366]

Events (10 events):
Event: 19,992 Thread 0x00007fda5414e800 DEOPT UNPACKING pc=0x00007fda441b0f73 sp=0x00007fda3262eb28 mode 0
Event: 20,010 Thread 0x00007fda5414e800 DEOPT PACKING pc=0x00007fda444438d9 sp=0x00007fda3262edf0
Event: 20,010 Thread 0x00007fda5414e800 DEOPT UNPACKING pc=0x00007fda441b0f73 sp=0x00007fda3262eb28 mode 0
Event: 20,024 Thread 0x00007fda5414e800 DEOPT PACKING pc=0x00007fda444438d9 sp=0x00007fda3262edf0
Event: 20,024 Thread 0x00007fda5414e800 DEOPT UNPACKING pc=0x00007fda441b0f73 sp=0x00007fda3262eb28 mode 0
Event: 20,071 Thread 0x00007fda5414e800 DEOPT PACKING pc=0x00007fda444438d9 sp=0x00007fda3262edf0
Event: 20,071 Thread 0x00007fda5414e800 DEOPT UNPACKING pc=0x00007fda441b0f73 sp=0x00007fda3262eb28 mode 0
Event: 20,114 Thread 0x00007fda5414e800 DEOPT PACKING pc=0x00007fda444438d9 sp=0x00007fda3262edf0
Event: 20,114 Thread 0x00007fda5414e800 DEOPT UNPACKING pc=0x00007fda441b0f73 sp=0x00007fda3262eb28 mode 0
Event: 20,207 Executing VM operation: ParallelGCFailedAllocation


Dynamic libraries:
00400000-00401000 r-xp 00000000 08:15 1450737                            /usr/lib/jvm/java-8-oracle/bin/java
00600000-00601000 rw-p 00000000 08:15 1450737                            /usr/lib/jvm/java-8-oracle/bin/java
01643000-01664000 rw-p 00000000 00:00 0                                  [heap]
c0000000-c8400000 rw-p 00000000 00:00 0 
c8400000-eab00000 ---p 00000000 00:00 0 
eab00000-fb300000 rw-p 00000000 00:00 0 
100000000-1000c0000 rw-p 00000000 00:00 0 
1000c0000-140000000 ---p 00000000 00:00 0 
7fd9f0000000-7fd9f002c000 rw-p 00000000 00:00 0 
7fd9f002c000-7fd9f4000000 ---p 00000000 00:00 0 
7fd9f8000000-7fd9f8021000 rw-p 00000000 00:00 0 
7fd9f8021000-7fd9fc000000 ---p 00000000 00:00 0 
7fd9fc000000-7fd9fc021000 rw-p 00000000 00:00 0 
7fd9fc021000-7fda00000000 ---p 00000000 00:00 0 
7fda00000000-7fda0003e000 rw-p 00000000 00:00 0 
7fda0003e000-7fda04000000 ---p 00000000 00:00 0 
7fda04000000-7fda04021000 rw-p 00000000 00:00 0 
7fda04021000-7fda08000000 ---p 00000000 00:00 0 
7fda08000000-7fda08021000 rw-p 00000000 00:00 0 
7fda08021000-7fda0c000000 ---p 00000000 00:00 0 
7fda0c000000-7fda0c021000 rw-p 00000000 00:00 0 
7fda0c021000-7fda10000000 ---p 00000000 00:00 0 
7fda10000000-7fda10a08000 rw-p 00000000 00:00 0 
7fda10a08000-7fda14000000 ---p 00000000 00:00 0 
7fda14000000-7fda14894000 rw-p 00000000 00:00 0 
7fda14894000-7fda18000000 ---p 00000000 00:00 0 
7fda18000000-7fda18021000 rw-p 00000000 00:00 0 
7fda18021000-7fda1c000000 ---p 00000000 00:00 0 
7fda1c000000-7fda1d145000 rw-p 00000000 00:00 0 
7fda1d145000-7fda20000000 ---p 00000000 00:00 0 
7fda20000000-7fda20021000 rw-p 00000000 00:00 0 
7fda20021000-7fda24000000 ---p 00000000 00:00 0 
7fda24000000-7fda24021000 rw-p 00000000 00:00 0 
7fda24021000-7fda28000000 ---p 00000000 00:00 0 
7fda28000000-7fda282c0000 rw-p 00000000 00:00 0 
7fda282c0000-7fda2c000000 ---p 00000000 00:00 0 
7fda2c000000-7fda2c021000 rw-p 00000000 00:00 0 
7fda2c021000-7fda30000000 ---p 00000000 00:00 0 
7fda3232e000-7fda32331000 ---p 00000000 00:00 0 
7fda32331000-7fda3242f000 rw-p 00000000 00:00 0 
7fda3242f000-7fda32432000 ---p 00000000 00:00 0 
7fda32432000-7fda32530000 rw-p 00000000 00:00 0 
7fda32530000-7fda32533000 ---p 00000000 00:00 0 
7fda32533000-7fda32631000 rw-p 00000000 00:00 0 
7fda32631000-7fda32634000 ---p 00000000 00:00 0 
7fda32634000-7fda32732000 rw-p 00000000 00:00 0 
7fda32732000-7fda32735000 ---p 00000000 00:00 0 
7fda32735000-7fda32833000 rw-p 00000000 00:00 0 
7fda32833000-7fda32834000 ---p 00000000 00:00 0 
7fda32834000-7fda32934000 rw-p 00000000 00:00 0 
7fda32934000-7fda32937000 ---p 00000000 00:00 0 
7fda32937000-7fda32a35000 rw-p 00000000 00:00 0 
7fda32a35000-7fda32a38000 ---p 00000000 00:00 0 
7fda32a38000-7fda32b36000 rw-p 00000000 00:00 0 
7fda32b36000-7fda32b39000 ---p 00000000 00:00 0 
7fda32b39000-7fda32c37000 rw-p 00000000 00:00 0 
7fda32c37000-7fda32c3a000 ---p 00000000 00:00 0 
7fda32c3a000-7fda32d38000 rw-p 00000000 00:00 0 
7fda32d38000-7fda32d3b000 ---p 00000000 00:00 0 
7fda32d3b000-7fda32e39000 rw-p 00000000 00:00 0 
7fda32e39000-7fda337f8000 r--p 00000000 08:15 1447030                    /usr/lib/locale/locale-archive
7fda337f8000-7fda337fb000 ---p 00000000 00:00 0 
7fda337fb000-7fda338f9000 rw-p 00000000 00:00 0 
7fda338f9000-7fda338fc000 ---p 00000000 00:00 0 
7fda338fc000-7fda339fa000 rw-p 00000000 00:00 0 
7fda339fa000-7fda339fb000 ---p 00000000 00:00 0 
7fda339fb000-7fda34000000 rw-p 00000000 00:00 0 
7fda34000000-7fda34021000 rw-p 00000000 00:00 0 
7fda34021000-7fda38000000 ---p 00000000 00:00 0 
7fda38000000-7fda38021000 rw-p 00000000 00:00 0 
7fda38021000-7fda3c000000 ---p 00000000 00:00 0 
7fda3c000000-7fda3c021000 rw-p 00000000 00:00 0 
7fda3c021000-7fda40000000 ---p 00000000 00:00 0 
7fda40077000-7fda4007e000 r--s 00000000 08:15 1702782                    /usr/lib/x86_64-linux-gnu/gconv/gconv-modules.cache
7fda4007e000-7fda400a3000 r--p 00000000 08:15 2228029                    /usr/share/locale-langpack/es/LC_MESSAGES/libc.mo
7fda400a3000-7fda400bb000 r--s 000f5000 08:15 1978934                    /home/xavi/AndroidStudioProjects/MyApplication1/app/build/intermediates/exploded-aar/com.google.android.gms/play-services-ads/8.4.0/jars/classes.jar
7fda400bb000-7fda40b56000 rw-p 00000000 00:00 0 
7fda40b56000-7fda40d2f000 r--s 03d1f000 08:15 1455062                    /usr/lib/jvm/java-8-oracle/jre/lib/rt.jar
7fda40d2f000-7fda41425000 rw-p 00000000 00:00 0 
7fda41425000-7fda415a5000 ---p 00000000 00:00 0 
7fda415a5000-7fda437a5000 rw-p 00000000 00:00 0 
7fda437a5000-7fda437a6000 ---p 00000000 00:00 0 
7fda437a6000-7fda438a6000 rw-p 00000000 00:00 0 
7fda438a6000-7fda438a7000 ---p 00000000 00:00 0 
7fda438a7000-7fda439a7000 rw-p 00000000 00:00 0 
7fda439a7000-7fda439a8000 ---p 00000000 00:00 0 
7fda439a8000-7fda43aa8000 rw-p 00000000 00:00 0 
7fda43aa8000-7fda43aa9000 ---p 00000000 00:00 0 
7fda43aa9000-7fda43beb000 rw-p 00000000 00:00 0 
7fda43beb000-7fda43cfe000 ---p 00000000 00:00 0 
7fda43cfe000-7fda43d83000 rw-p 00000000 00:00 0 
7fda43d83000-7fda43da9000 ---p 00000000 00:00 0 
7fda43da9000-7fda43dc9000 rw-p 00000000 00:00 0 
7fda43dc9000-7fda4416a000 ---p 00000000 00:00 0 
7fda4416a000-7fda448fa000 rwxp 00000000 00:00 0 
7fda448fa000-7fda5316a000 ---p 00000000 00:00 0 
7fda5316a000-7fda53184000 r-xp 00000000 08:15 1455264                    /usr/lib/jvm/java-8-oracle/jre/lib/amd64/libzip.so
7fda53184000-7fda53384000 ---p 0001a000 08:15 1455264                    /usr/lib/jvm/java-8-oracle/jre/lib/amd64/libzip.so
7fda53384000-7fda53385000 rw-p 0001a000 08:15 1455264                    /usr/lib/jvm/java-8-oracle/jre/lib/amd64/libzip.so
7fda53385000-7fda53390000 r-xp 00000000 08:15 2882817                    /lib/x86_64-linux-gnu/libnss_files-2.23.so
7fda53390000-7fda5358f000 ---p 0000b000 08:15 2882817                    /lib/x86_64-linux-gnu/libnss_files-2.23.so
7fda5358f000-7fda53590000 r--p 0000a000 08:15 2882817                    /lib/x86_64-linux-gnu/libnss_files-2.23.so
7fda53590000-7fda53591000 rw-p 0000b000 08:15 2882817                    /lib/x86_64-linux-gnu/libnss_files-2.23.so
7fda53591000-7fda53597000 rw-p 00000000 00:00 0 
7fda53597000-7fda535a2000 r-xp 00000000 08:15 2882827                    /lib/x86_64-linux-gnu/libnss_nis-2.23.so
7fda535a2000-7fda537a1000 ---p 0000b000 08:15 2882827                    /lib/x86_64-linux-gnu/libnss_nis-2.23.so
7fda537a1000-7fda537a2000 r--p 0000a000 08:15 2882827                    /lib/x86_64-linux-gnu/libnss_nis-2.23.so
7fda537a2000-7fda537a3000 rw-p 0000b000 08:15 2882827                    /lib/x86_64-linux-gnu/libnss_nis-2.23.so
7fda537a3000-7fda537b9000 r-xp 00000000 08:15 2882811                    /lib/x86_64-linux-gnu/libnsl-2.23.so
7fda537b9000-7fda539b8000 ---p 00016000 08:15 2882811                    /lib/x86_64-linux-gnu/libnsl-2.23.so
7fda539b8000-7fda539b9000 r--p 00015000 08:15 2882811                    /lib/x86_64-linux-gnu/libnsl-2.23.so
7fda539b9000-7fda539ba000 rw-p 00016000 08:15 2882811                    /lib/x86_64-linux-gnu/libnsl-2.23.so
7fda539ba000-7fda539bc000 rw-p 00000000 00:00 0 
7fda539bc000-7fda539c4000 r-xp 00000000 08:15 2882813                    /lib/x86_64-linux-gnu/libnss_compat-2.23.so
7fda539c4000-7fda53bc3000 ---p 00008000 08:15 2882813                    /lib/x86_64-linux-gnu/libnss_compat-2.23.so
7fda53bc3000-7fda53bc4000 r--p 00007000 08:15 2882813                    /lib/x86_64-linux-gnu/libnss_compat-2.23.so
7fda53bc4000-7fda53bc5000 rw-p 00008000 08:15 2882813                    /lib/x86_64-linux-gnu/libnss_compat-2.23.so
7fda53bc5000-7fda53bef000 r-xp 00000000 08:15 1455259                    /usr/lib/jvm/java-8-oracle/jre/lib/amd64/libjava.so
7fda53bef000-7fda53def000 ---p 0002a000 08:15 1455259                    /usr/lib/jvm/java-8-oracle/jre/lib/amd64/libjava.so
7fda53def000-7fda53df1000 rw-p 0002a000 08:15 1455259                    /usr/lib/jvm/java-8-oracle/jre/lib/amd64/libjava.so
7fda53df1000-7fda53dfe000 r-xp 00000000 08:15 1455263                    /usr/lib/jvm/java-8-oracle/jre/lib/amd64/libverify.so
7fda53dfe000-7fda53ffe000 ---p 0000d000 08:15 1455263                    /usr/lib/jvm/java-8-oracle/jre/lib/amd64/libverify.so
7fda53ffe000-7fda54000000 rw-p 0000d000 08:15 1455263                    /usr/lib/jvm/java-8-oracle/jre/lib/amd64/libverify.so
7fda54000000-7fda5438c000 rw-p 00000000 00:00 0 
7fda5438c000-7fda58000000 ---p 00000000 00:00 0 
7fda58000000-7fda58063000 rw-p 00000000 00:00 0 
7fda58063000-7fda58177000 ---p 00000000 00:00 0 
7fda58177000-7fda5817e000 r-xp 00000000 08:15 2882872                    /lib/x86_64-linux-gnu/librt-2.23.so
7fda5817e000-7fda5837d000 ---p 00007000 08:15 2882872                    /lib/x86_64-linux-gnu/librt-2.23.so
7fda5837d000-7fda5837e000 r--p 00006000 08:15 2882872                    /lib/x86_64-linux-gnu/librt-2.23.so
7fda5837e000-7fda5837f000 rw-p 00007000 08:15 2882872                    /lib/x86_64-linux-gnu/librt-2.23.so
7fda5837f000-7fda58487000 r-xp 00000000 08:15 2882788                    /lib/x86_64-linux-gnu/libm-2.23.so
7fda58487000-7fda58686000 ---p 00108000 08:15 2882788                    /lib/x86_64-linux-gnu/libm-2.23.so
7fda58686000-7fda58687000 r--p 00107000 08:15 2882788                    /lib/x86_64-linux-gnu/libm-2.23.so
7fda58687000-7fda58688000 rw-p 00108000 08:15 2882788                    /lib/x86_64-linux-gnu/libm-2.23.so
7fda58688000-7fda59348000 r-xp 00000000 08:15 1455242                    /usr/lib/jvm/java-8-oracle/jre/lib/amd64/server/libjvm.so
7fda59348000-7fda59548000 ---p 00cc0000 08:15 1455242                    /usr/lib/jvm/java-8-oracle/jre/lib/amd64/server/libjvm.so
7fda59548000-7fda59620000 rw-p 00cc0000 08:15 1455242                    /usr/lib/jvm/java-8-oracle/jre/lib/amd64/server/libjvm.so
7fda59620000-7fda5966b000 rw-p 00000000 00:00 0 
7fda5966b000-7fda5982b000 r-xp 00000000 08:15 2882718                    /lib/x86_64-linux-gnu/libc-2.23.so
7fda5982b000-7fda59a2a000 ---p 001c0000 08:15 2882718                    /lib/x86_64-linux-gnu/libc-2.23.so
7fda59a2a000-7fda59a2e000 r--p 001bf000 08:15 2882718                    /lib/x86_64-linux-gnu/libc-2.23.so
7fda59a2e000-7fda59a30000 rw-p 001c3000 08:15 2882718                    /lib/x86_64-linux-gnu/libc-2.23.so
7fda59a30000-7fda59a34000 rw-p 00000000 00:00 0 
7fda59a34000-7fda59a37000 r-xp 00000000 08:15 2882742                    /lib/x86_64-linux-gnu/libdl-2.23.so
7fda59a37000-7fda59c36000 ---p 00003000 08:15 2882742                    /lib/x86_64-linux-gnu/libdl-2.23.so
7fda59c36000-7fda59c37000 r--p 00002000 08:15 2882742                    /lib/x86_64-linux-gnu/libdl-2.23.so
7fda59c37000-7fda59c38000 rw-p 00003000 08:15 2882742                    /lib/x86_64-linux-gnu/libdl-2.23.so
7fda59c38000-7fda59c4d000 r-xp 00000000 08:15 1454877                    /usr/lib/jvm/java-8-oracle/lib/amd64/jli/libjli.so
7fda59c4d000-7fda59e4d000 ---p 00015000 08:15 1454877                    /usr/lib/jvm/java-8-oracle/lib/amd64/jli/libjli.so
7fda59e4d000-7fda59e4e000 rw-p 00015000 08:15 1454877                    /usr/lib/jvm/java-8-oracle/lib/amd64/jli/libjli.so
7fda59e4e000-7fda59e66000 r-xp 00000000 08:15 2882864                    /lib/x86_64-linux-gnu/libpthread-2.23.so
7fda59e66000-7fda5a065000 ---p 00018000 08:15 2882864                    /lib/x86_64-linux-gnu/libpthread-2.23.so
7fda5a065000-7fda5a066000 r--p 00017000 08:15 2882864                    /lib/x86_64-linux-gnu/libpthread-2.23.so
7fda5a066000-7fda5a067000 rw-p 00018000 08:15 2882864                    /lib/x86_64-linux-gnu/libpthread-2.23.so
7fda5a067000-7fda5a06b000 rw-p 00000000 00:00 0 
7fda5a06b000-7fda5a091000 r-xp 00000000 08:15 2882690                    /lib/x86_64-linux-gnu/ld-2.23.so
7fda5a094000-7fda5a16d000 rw-p 00000000 00:00 0 
7fda5a16d000-7fda5a170000 ---p 00000000 00:00 0 
7fda5a170000-7fda5a272000 rw-p 00000000 00:00 0 
7fda5a275000-7fda5a284000 r--s 000df000 08:15 3281007                    /home/xavi/Android/Sdk/build-tools/23.0.3/lib/dx.jar
7fda5a284000-7fda5a28c000 rw-s 00000000 08:15 3281867                    /tmp/hsperfdata_xavi/11385
7fda5a28c000-7fda5a28d000 rw-p 00000000 00:00 0 
7fda5a28d000-7fda5a28e000 ---p 00000000 00:00 0 
7fda5a28e000-7fda5a290000 rw-p 00000000 00:00 0 
7fda5a290000-7fda5a291000 r--p 00025000 08:15 2882690                    /lib/x86_64-linux-gnu/ld-2.23.so
7fda5a291000-7fda5a292000 rw-p 00026000 08:15 2882690                    /lib/x86_64-linux-gnu/ld-2.23.so
7fda5a292000-7fda5a293000 rw-p 00000000 00:00 0 
7ffca57c8000-7ffca57e9000 rw-p 00000000 00:00 0                          [stack]
7ffca57f1000-7ffca57f3000 r--p 00000000 00:00 0                          [vvar]
7ffca57f3000-7ffca57f5000 r-xp 00000000 00:00 0                          [vdso]
ffffffffff600000-ffffffffff601000 r-xp 00000000 00:00 0                  [vsyscall]

VM Arguments:
jvm_args: -Djava.awt.headless=true -Xmx1024M -Dfile.encoding=UTF-8 -Duser.country=ES -Duser.language=es -Duser.variant 
java_command: com.android.dx.command.Main --dex --force-jumbo --num-threads=4 --output /home/xavi/AndroidStudioProjects/MyApplication1/app/build/intermediates/pre-dexed/debug/com.google.android.gms-play-services-ads-8.4.0_4dc48ff12e5d10ce1de9566f5fbe3b92e8b511f4.jar /home/xavi/AndroidStudioProjects/MyApplication1/app/build/intermediates/exploded-aar/com.google.android.gms/play-services-ads/8.4.0/jars/classes.jar
java_class_path (initial): /home/xavi/Android/Sdk/build-tools/23.0.3/lib/dx.jar
Launcher Type: SUN_STANDARD

Environment Variables:
JAVA_HOME=/usr/lib/jvm/java-8-oracle
PATH=/usr/local/sbin:/usr/local/bin:/usr/sbin:/usr/bin:/sbin:/bin:/usr/games:/usr/local/games:/snap/bin
LD_LIBRARY_PATH=.:
SHELL=/bin/bash
DISPLAY=:0

Signal Handlers:
SIGSEGV: [libjvm.so+0xabca10], sa_mask[0]=11111111011111111101111111111110, sa_flags=SA_RESTART|SA_SIGINFO
SIGBUS: [libjvm.so+0xabca10], sa_mask[0]=11111111011111111101111111111110, sa_flags=SA_RESTART|SA_SIGINFO
SIGFPE: [libjvm.so+0x919a20], sa_mask[0]=11111111011111111101111111111110, sa_flags=SA_RESTART|SA_SIGINFO
SIGPIPE: [libjvm.so+0x919a20], sa_mask[0]=11111111011111111101111111111110, sa_flags=SA_RESTART|SA_SIGINFO
SIGXFSZ: [libjvm.so+0x919a20], sa_mask[0]=11111111011111111101111111111110, sa_flags=SA_RESTART|SA_SIGINFO
SIGILL: [libjvm.so+0x919a20], sa_mask[0]=11111111011111111101111111111110, sa_flags=SA_RESTART|SA_SIGINFO
SIGUSR1: SIG_DFL, sa_mask[0]=00000000000000000000000000000000, sa_flags=none
SIGUSR2: [libjvm.so+0x91b050], sa_mask[0]=00100000000000000000000000000000, sa_flags=SA_RESTART|SA_SIGINFO
SIGHUP: [libjvm.so+0x91c450], sa_mask[0]=11111111011111111101111111111110, sa_flags=SA_RESTART|SA_SIGINFO
SIGINT: [libjvm.so+0x91c450], sa_mask[0]=11111111011111111101111111111110, sa_flags=SA_RESTART|SA_SIGINFO
SIGTERM: [libjvm.so+0x91c450], sa_mask[0]=11111111011111111101111111111110, sa_flags=SA_RESTART|SA_SIGINFO
SIGQUIT: [libjvm.so+0x91c450], sa_mask[0]=11111111011111111101111111111110, sa_flags=SA_RESTART|SA_SIGINFO


---------------  S Y S T E M  ---------------

OS:DISTRIB_ID=Ubuntu
DISTRIB_RELEASE=16.04
DISTRIB_CODENAME=xenial
DISTRIB_DESCRIPTION="Ubuntu 16.04 LTS"

uname:Linux 4.4.0-22-generic #39-Ubuntu SMP Thu May 5 16:53:32 UTC 2016 x86_64
libc:glibc 2.23 NPTL 2.23 
rlimit: STACK 8192k, CORE 0k, NPROC 23715, NOFILE 65536, AS infinity
load average:40,46 14,96 5,92

/proc/meminfo:
MemTotal:        6109760 kB
MemFree:           60076 kB
MemAvailable:     110788 kB
Buffers:            1160 kB
Cached:           110564 kB
SwapCached:            0 kB
Active:          5698304 kB
Inactive:         102496 kB
Active(anon):    5691596 kB
Inactive(anon):    64904 kB
Active(file):       6708 kB
Inactive(file):    37592 kB
Unevictable:          32 kB
Mlocked:              32 kB
SwapTotal:             0 kB
SwapFree:              0 kB
Dirty:                56 kB
Writeback:             0 kB
AnonPages:       5690272 kB
Mapped:            88060 kB
Shmem:             66700 kB
Slab:              88712 kB
SReclaimable:      43108 kB
SUnreclaim:        45604 kB
KernelStack:       13616 kB
PageTables:        57332 kB
NFS_Unstable:          0 kB
Bounce:                0 kB
WritebackTmp:          0 kB
CommitLimit:     3054880 kB
Committed_AS:   12373356 kB
VmallocTotal:   34359738367 kB
VmallocUsed:           0 kB
VmallocChunk:          0 kB
HardwareCorrupted:     0 kB
AnonHugePages:   2017280 kB
CmaTotal:              0 kB
CmaFree:               0 kB
HugePages_Total:       0
HugePages_Free:        0
HugePages_Rsvd:        0
HugePages_Surp:        0
Hugepagesize:       2048 kB
DirectMap4k:      287616 kB
DirectMap2M:     6002688 kB


CPU:total 4 (4 cores per cpu, 1 threads per core) family 6 model 15 stepping 7, cmov, cx8, fxsr, mmx, sse, sse2, sse3, ssse3, tsc

/proc/cpuinfo:
processor	: 0
vendor_id	: GenuineIntel
cpu family	: 6
model		: 15
model name	: Intel(R) Core(TM)2 Quad CPU           @ 2.40GHz
stepping	: 7
microcode	: 0x6a
cpu MHz		: 2400.169
cache size	: 4096 KB
physical id	: 0
siblings	: 4
core id		: 0
cpu cores	: 4
apicid		: 0
initial apicid	: 0
fpu		: yes
fpu_exception	: yes
cpuid level	: 10
wp		: yes
flags		: fpu vme de pse tsc msr pae mce cx8 apic sep mtrr pge mca cmov pat pse36 clflush dts acpi mmx fxsr sse sse2 ss ht tm pbe syscall nx lm constant_tsc arch_perfmon pebs bts rep_good nopl aperfmperf pni dtes64 monitor ds_cpl vmx est tm2 ssse3 cx16 xtpr pdcm lahf_lm tpr_shadow dtherm
bugs		:
bogomips	: 4800.33
clflush size	: 64
cache_alignment	: 64
address sizes	: 36 bits physical, 48 bits virtual
power management:

processor	: 1
vendor_id	: GenuineIntel
cpu family	: 6
model		: 15
model name	: Intel(R) Core(TM)2 Quad CPU           @ 2.40GHz
stepping	: 7
microcode	: 0x6a
cpu MHz		: 2400.169
cache size	: 4096 KB
physical id	: 0
siblings	: 4
core id		: 3
cpu cores	: 4
apicid		: 3
initial apicid	: 3
fpu		: yes
fpu_exception	: yes
cpuid level	: 10
wp		: yes
flags		: fpu vme de pse tsc msr pae mce cx8 apic sep mtrr pge mca cmov pat pse36 clflush dts acpi mmx fxsr sse sse2 ss ht tm pbe syscall nx lm constant_tsc arch_perfmon pebs bts rep_good nopl aperfmperf pni dtes64 monitor ds_cpl vmx est tm2 ssse3 cx16 xtpr pdcm lahf_lm tpr_shadow dtherm
bugs		:
bogomips	: 4800.33
clflush size	: 64
cache_alignment	: 64
address sizes	: 36 bits physical, 48 bits virtual
power management:

processor	: 2
vendor_id	: GenuineIntel
cpu family	: 6
model		: 15
model name	: Intel(R) Core(TM)2 Quad CPU           @ 2.40GHz
stepping	: 7
microcode	: 0x6a
cpu MHz		: 2400.169
cache size	: 4096 KB
physical id	: 0
siblings	: 4
core id		: 1
cpu cores	: 4
apicid		: 1
initial apicid	: 1
fpu		: yes
fpu_exception	: yes
cpuid level	: 10
wp		: yes
flags		: fpu vme de pse tsc msr pae mce cx8 apic sep mtrr pge mca cmov pat pse36 clflush dts acpi mmx fxsr sse sse2 ss ht tm pbe syscall nx lm constant_tsc arch_perfmon pebs bts rep_good nopl aperfmperf pni dtes64 monitor ds_cpl vmx est tm2 ssse3 cx16 xtpr pdcm lahf_lm tpr_shadow dtherm
bugs		:
bogomips	: 4800.33
clflush size	: 64
cache_alignment	: 64
address sizes	: 36 bits physical, 48 bits virtual
power management:

processor	: 3
vendor_id	: GenuineIntel
cpu family	: 6
model		: 15
model name	: Intel(R) Core(TM)2 Quad CPU           @ 2.40GHz
stepping	: 7
microcode	: 0x6a
cpu MHz		: 2400.169
cache size	: 4096 KB
physical id	: 0
siblings	: 4
core id		: 2
cpu cores	: 4
apicid		: 2
initial apicid	: 2
fpu		: yes
fpu_exception	: yes
cpuid level	: 10
wp		: yes
flags		: fpu vme de pse tsc msr pae mce cx8 apic sep mtrr pge mca cmov pat pse36 clflush dts acpi mmx fxsr sse sse2 ss ht tm pbe syscall nx lm constant_tsc arch_perfmon pebs bts rep_good nopl aperfmperf pni dtes64 monitor ds_cpl vmx est tm2 ssse3 cx16 xtpr pdcm lahf_lm tpr_shadow dtherm
bugs		:
bogomips	: 4800.33
clflush size	: 64
cache_alignment	: 64
address sizes	: 36 bits physical, 48 bits virtual
power management:



Memory: 4k page, physical 6109760k(59764k free), swap 0k(0k free)

vm_info: Java HotSpot(TM) 64-Bit Server VM (25.91-b14) for linux-amd64 JRE (1.8.0_91-b14), built on Apr  1 2016 00:57:21 by "java_re" with gcc 4.3.0 20080428 (Red Hat 4.3.0-8)

time: Sat May 14 13:35:08 2016
elapsed time: 79 seconds (0d 0h 1m 19s)

